<?xml version="1.0" encoding="UTF-8"?>
<!-- Generated by org.testng.reporters.JUnitReportReporter -->
<testsuite skipped="0" hostname="ravinder-PC" name="ravinder.testngdemo2" tests="2" failures="0" timestamp="07 Mar 2017 14:48:50 GMT" time="0.015" errors="0">
  <testcase name="afterlogin2ndpage" time="0.010" classname="ravinder.testngdemo2"/>
  <testcase name="afterlogin3rdpage" time="0.005" classname="ravinder.testngdemo2"/>
</testsuite> <!-- ravinder.testngdemo2 -->
